<?xml version="1.0" encoding="UTF-8"?>
<!-- Generated by org.testng.reporters.JUnitReportReporter -->
<testsuite hostname="DESKTOP-C4LC40M" failures="0" tests="1" name="Tutorial4.Pune1" time="0.002" errors="0" timestamp="2022-11-16T18:19:07 IST" skipped="0">
  <testcase classname="Tutorial4.Pune1" name="p1" time="0.002"/>
  <system-out/>
</testsuite> <!-- Tutorial4.Pune1 -->
