<?xml version="1.0" encoding="UTF-8"?>
<!-- Generated by org.testng.reporters.JUnitReportReporter -->
<testsuite hostname="DESKTOP-C4LC40M" failures="0" tests="7" name="Tutorial1.Demo8" time="0.006" errors="0" timestamp="2022-11-16T10:20:38 IST" skipped="1">
  <testcase classname="Tutorial1.Demo8" name="jkl" time="0.001"/>
  <system-out/>
  <testcase classname="Tutorial1.Demo8" name="xyz" time="0.002"/>
  <system-out/>
  <testcase classname="Tutorial1.Demo8" name="pqr" time="0.001"/>
  <system-out/>
  <testcase classname="Tutorial1.Demo8" name="xyz" time="0.000"/>
  <system-out/>
  <testcase classname="Tutorial1.Demo8" name="jkl" time="0.001"/>
  <system-out/>
  <testcase classname="Tutorial1.Demo8" name="pqr" time="0.001"/>
  <system-out/>
  <testcase classname="Tutorial1.Demo8" name="abc">
    <skipped/>
  </testcase> <!-- abc -->
  <system-out/>
</testsuite> <!-- Tutorial1.Demo8 -->
