<?xml version="1.0" encoding="UTF-8"?>
<!-- Generated by org.testng.reporters.JUnitReportReporter -->
<testsuite hostname="DESKTOP-C4LC40M" failures="0" tests="4" name="Tutorial2.Demo1" time="0.036" errors="0" timestamp="2022-12-16T21:52:36 IST" skipped="0">
  <testcase classname="Tutorial2.Demo1" name="xyz" time="0.027"/>
  <system-out/>
  <testcase classname="Tutorial2.Demo1" name="abc" time="0.003"/>
  <system-out/>
  <testcase classname="Tutorial2.Demo1" name="pqr" time="0.004"/>
  <system-out/>
  <testcase classname="Tutorial2.Demo1" name="jkl" time="0.002"/>
  <system-out/>
</testsuite> <!-- Tutorial2.Demo1 -->
