<?xml version="1.0" encoding="UTF-8"?>
<!-- Generated by org.testng.reporters.JUnitReportReporter -->
<testsuite hostname="DESKTOP-C4LC40M" failures="0" tests="3" name="Tutorial2.Demo2" time="0.031" errors="0" timestamp="2022-12-16T21:52:06 IST" skipped="0">
  <testcase classname="Tutorial2.Demo2" name="login" time="0.025"/>
  <system-out/>
  <testcase classname="Tutorial2.Demo2" name="homepage" time="0.003"/>
  <system-out/>
  <testcase classname="Tutorial2.Demo2" name="contactpage" time="0.003"/>
  <system-out/>
</testsuite> <!-- Tutorial2.Demo2 -->
