<?xml version="1.0" encoding="UTF-8"?>
<!-- Generated by org.testng.reporters.JUnitReportReporter -->
<testsuite hostname="DESKTOP-C4LC40M" failures="0" tests="1" name="Tutorial1.Demo3" time="8.359" errors="0" timestamp="2022-11-14T17:58:02 IST" skipped="0">
  <testcase classname="Tutorial1.Demo3" name="setup" time="8.359"/>
  <system-out/>
</testsuite> <!-- Tutorial1.Demo3 -->
