<?xml version="1.0" encoding="UTF-8"?>
<!-- Generated by org.testng.reporters.JUnitReportReporter -->
<testsuite hostname="DESKTOP-C4LC40M" failures="0" tests="3" name="Tutorial3.Demo2" time="0.014" errors="0" timestamp="2022-11-16T18:06:18 IST" skipped="0">
  <testcase classname="Tutorial3.Demo2" name="d2" time="0.003"/>
  <system-out/>
  <testcase classname="Tutorial3.Demo2" name="d3" time="0.002"/>
  <system-out/>
  <testcase classname="Tutorial3.Demo2" name="d1" time="0.009"/>
  <system-out/>
</testsuite> <!-- Tutorial3.Demo2 -->
