<?xml version="1.0" encoding="UTF-8"?>
<!-- Generated by org.testng.reporters.JUnitReportReporter -->
<testsuite hostname="DESKTOP-C4LC40M" failures="0" tests="4" name="Tutorial1.Demo6" time="0.005" errors="0" timestamp="2022-11-16T10:20:38 IST" skipped="0">
  <testcase classname="Tutorial1.Demo6" name="validateUseronPIM" time="0.001"/>
  <system-out/>
  <testcase classname="Tutorial1.Demo6" name="loginfunctionality" time="0.001"/>
  <system-out/>
  <testcase classname="Tutorial1.Demo6" name="validateHomePageLogo" time="0.002"/>
  <system-out/>
  <testcase classname="Tutorial1.Demo6" name="setUp" time="0.001"/>
  <system-out/>
</testsuite> <!-- Tutorial1.Demo6 -->
