<?xml version="1.0" encoding="UTF-8"?>
<!-- Generated by org.testng.reporters.JUnitReportReporter -->
<testsuite hostname="DESKTOP-C4LC40M" failures="0" tests="3" name="Tutorial1.Demo4" time="0.004" errors="0" timestamp="2022-11-16T10:20:38 IST" skipped="0">
  <testcase classname="Tutorial1.Demo4" name="xyz" time="0.001"/>
  <system-out/>
  <testcase classname="Tutorial1.Demo4" name="a" time="0.002"/>
  <system-out/>
  <testcase classname="Tutorial1.Demo4" name="pqr" time="0.001"/>
  <system-out/>
</testsuite> <!-- Tutorial1.Demo4 -->
