<?xml version="1.0" encoding="UTF-8"?>
<!-- Generated by org.testng.reporters.JUnitReportReporter -->
<testsuite hostname="DESKTOP-C4LC40M" failures="0" tests="2" name="Tutorial4.Demo2" time="0.010" errors="0" timestamp="2022-11-16T18:20:03 IST" skipped="0">
  <testcase classname="Tutorial4.Demo2" name="d2" time="0.003"/>
  <system-out/>
  <testcase classname="Tutorial4.Demo2" name="d1" time="0.007"/>
  <system-out/>
</testsuite> <!-- Tutorial4.Demo2 -->
