<?xml version="1.0" encoding="UTF-8"?>
<!-- Generated by org.testng.reporters.JUnitReportReporter -->
<testsuite hostname="DESKTOP-C4LC40M" failures="0" tests="5" name="Tutorial1.Demo1" time="0.018" errors="0" timestamp="2022-11-16T10:20:38 IST" skipped="0">
  <testcase classname="Tutorial1.Demo1" name="PIMPage" time="0.011"/>
  <system-out/>
  <testcase classname="Tutorial1.Demo1" name="LoginPage" time="0.002"/>
  <system-out/>
  <testcase classname="Tutorial1.Demo1" name="HomePage" time="0.002"/>
  <system-out/>
  <testcase classname="Tutorial1.Demo1" name="EmployeePage" time="0.002"/>
  <system-out/>
  <testcase classname="Tutorial1.Demo1" name="Dashboard" time="0.001"/>
  <system-out/>
</testsuite> <!-- Tutorial1.Demo1 -->
