<?xml version="1.0" encoding="UTF-8"?>
<!-- Generated by org.testng.reporters.JUnitReportReporter -->
<testsuite hostname="DESKTOP-C4LC40M" failures="0" tests="9" name="Tutorial1.Demo7" time="0.009" errors="0" timestamp="2022-11-16T10:20:38 IST" skipped="0">
  <testcase classname="Tutorial1.Demo7" name="setUp" time="0.002"/>
  <system-out/>
  <testcase classname="Tutorial1.Demo7" name="loginfunctionality" time="0.000"/>
  <system-out/>
  <testcase classname="Tutorial1.Demo7" name="validateHomePageLogo" time="0.001"/>
  <system-out/>
  <testcase classname="Tutorial1.Demo7" name="validateUseronPIM" time="0.001"/>
  <system-out/>
  <testcase classname="Tutorial1.Demo7" name="addANewUserInPIM" time="0.003"/>
  <system-out/>
  <testcase classname="Tutorial1.Demo7" name="addMorePersonalDetails" time="0.001"/>
  <system-out/>
  <testcase classname="Tutorial1.Demo7" name="addMoreJobDetails" time="0.000"/>
  <system-out/>
  <testcase classname="Tutorial1.Demo7" name="searchUser" time="0.001"/>
  <system-out/>
  <testcase classname="Tutorial1.Demo7" name="deleteUser" time="0.000"/>
  <system-out/>
</testsuite> <!-- Tutorial1.Demo7 -->
