<?xml version="1.0" encoding="UTF-8"?>
<!-- Generated by org.testng.reporters.JUnitReportReporter -->
<testsuite hostname="DESKTOP-C4LC40M" failures="0" tests="2" name="Tutorial3.Sample2" time="0.008" errors="0" timestamp="2022-11-16T18:06:18 IST" skipped="0">
  <testcase classname="Tutorial3.Sample2" name="s1" time="0.004"/>
  <system-out/>
  <testcase classname="Tutorial3.Sample2" name="s2" time="0.004"/>
  <system-out/>
</testsuite> <!-- Tutorial3.Sample2 -->
