<?xml version="1.0" encoding="UTF-8"?>
<!-- Generated by org.testng.reporters.JUnitReportReporter -->
<testsuite hostname="DESKTOP-C4LC40M" failures="0" tests="2" name="Tutorial3.Sample1" time="0.002" errors="0" timestamp="2022-11-16T17:51:21 IST" skipped="0">
  <testcase classname="Tutorial3.Sample1" name="s1" time="0.000"/>
  <system-out/>
  <testcase classname="Tutorial3.Sample1" name="s2" time="0.002"/>
  <system-out/>
</testsuite> <!-- Tutorial3.Sample1 -->
