<?xml version="1.0" encoding="UTF-8"?>
<!-- Generated by org.testng.reporters.JUnitReportReporter -->
<testsuite hostname="DESKTOP-C4LC40M" failures="0" tests="6" name="Tutorial2.Demo3" time="0.031" errors="0" timestamp="2022-11-15T19:10:51 IST" skipped="0">
  <testcase classname="Tutorial2.Demo3" name="xyz" time="0.021"/>
  <system-out/>
  <testcase classname="Tutorial2.Demo3" name="pqr" time="0.002"/>
  <system-out/>
  <testcase classname="Tutorial2.Demo3" name="m1" time="0.002"/>
  <system-out/>
  <testcase classname="Tutorial2.Demo3" name="c1" time="0.002"/>
  <system-out/>
  <testcase classname="Tutorial2.Demo3" name="b1" time="0.002"/>
  <system-out/>
  <testcase classname="Tutorial2.Demo3" name="a1" time="0.002"/>
  <system-out/>
</testsuite> <!-- Tutorial2.Demo3 -->
