<?xml version="1.0" encoding="UTF-8"?>
<!-- Generated by org.testng.reporters.JUnitReportReporter -->
<testsuite hostname="DESKTOP-C4LC40M" failures="0" tests="6" name="Tutorial2.Demo4" time="17.595" errors="0" timestamp="2022-11-16T09:14:38 IST" skipped="0">
  <testcase classname="Tutorial2.Demo4" name="googleTitle" time="2.527"/>
  <system-out/>
  <testcase classname="Tutorial2.Demo4" name="facebookTitle" time="2.340"/>
  <system-out/>
  <testcase classname="Tutorial2.Demo4" name="gurutitle" time="4.086"/>
  <system-out/>
  <testcase classname="Tutorial2.Demo4" name="flipcart" time="4.280"/>
  <system-out/>
  <testcase classname="Tutorial2.Demo4" name="amazonTitle" time="2.210"/>
  <system-out/>
  <testcase classname="Tutorial2.Demo4" name="kiteTitle" time="2.152"/>
  <system-out/>
</testsuite> <!-- Tutorial2.Demo4 -->
